# JRE version: OpenJDK Runtime Environment Temurin-21.0.8+9 (21.0.8+9) (build 21.0.8+9-LTS)
# Java VM: OpenJDK 64-Bit Server VM Temurin-21.0.8+9 (21.0.8+9-LTS, mixed mode, sharing, tiered, compressed oops, compressed class ptrs, parallel gc, windows-amd64)
GC Precious Log:
 CardTable entry size: 512
 CPUs: 4 total, 4 available
 Memory: 3917M
 Large Page Support: Disabled
 NUMA Support: Disabled
 Compressed Oops: Enabled (32-bit)
 Alignments: Space 512K, Generation 512K, Heap 2M
 Heap Min Capacity: 100M
 Heap Initial Capacity: 100M
 Heap Max Capacity: 2G
 Pre-touch: Disabled
 Parallel Workers: 4
Heap:
 PSYoungGen      total 3584K, used 3159K [0x00000000d5580000, 0x00000000d5b80000, 0x0000000100000000)
  eden space 3072K, 86% used [0x00000000d5580000,0x00000000d5818210,0x00000000d5880000)
  from space 512K, 98% used [0x00000000d5a00000,0x00000000d5a7db48,0x00000000d5a80000)
  to   space 1536K, 0% used [0x00000000d5880000,0x00000000d5880000,0x00000000d5a00000)
 ParOldGen       total 655360K, used 113432K [0x0000000080000000, 0x00000000a8000000, 0x00000000d5580000)
  object space 655360K, 17% used [0x0000000080000000,0x0000000086ec62b0,0x00000000a8000000)
 Metaspace       used 79620K, committed 81472K, reserved 1179648K
  class space    used 8287K, committed 9088K, reserved 1048576K
GC Heap History (20 events):
Event: 14551.499 GC heap before
{Heap before GC invocations=878 (full 4):
 PSYoungGen      total 2560K, used 96K [0x00000000d5580000, 0x00000000d5b80000, 0x0000000100000000)
  eden space 2048K, 0% used [0x00000000d5580000,0x00000000d5580000,0x00000000d5780000)
  from space 512K, 18% used [0x00000000d5b00000,0x00000000d5b18000,0x00000000d5b80000)
  to   space 512K, 0% used [0x00000000d5780000,0x00000000d5780000,0x00000000d5800000)
 ParOldGen       total 655360K, used 655340K [0x0000000080000000, 0x00000000a8000000, 0x00000000d5580000)
  object space 655360K, 99% used [0x0000000080000000,0x00000000a7ffb0f8,0x00000000a8000000)
 Metaspace       used 79759K, committed 81472K, reserved 1179648K
  class space    used 8367K, committed 9088K, reserved 1048576K
}
Event: 14633.573 GC heap after
{Heap after GC invocations=878 (full 4):
 PSYoungGen      total 2560K, used 0K [0x00000000d5580000, 0x00000000d5b80000, 0x0000000100000000)
  eden space 2048K, 0% used [0x00000000d5580000,0x00000000d5580000,0x00000000d5780000)
  from space 512K, 0% used [0x00000000d5b00000,0x00000000d5b00000,0x00000000d5b80000)
  to   space 512K, 0% used [0x00000000d5780000,0x00000000d5780000,0x00000000d5800000)
 ParOldGen       total 655360K, used 106624K [0x0000000080000000, 0x00000000a8000000, 0x00000000d5580000)
  object space 655360K, 16% used [0x0000000080000000,0x00000000868203c8,0x00000000a8000000)
 Metaspace       used 79400K, committed 81472K, reserved 1179648K
  class space    used 8269K, committed 9088K, reserved 1048576K
}
Event: 14634.448 GC heap before
{Heap before GC invocations=879 (full 4):
 PSYoungGen      total 2560K, used 2048K [0x00000000d5580000, 0x00000000d5b80000, 0x0000000100000000)
  eden space 2048K, 100% used [0x00000000d5580000,0x00000000d5780000,0x00000000d5780000)
  from space 512K, 0% used [0x00000000d5b00000,0x00000000d5b00000,0x00000000d5b80000)
  to   space 512K, 0% used [0x00000000d5780000,0x00000000d5780000,0x00000000d5800000)
 ParOldGen       total 655360K, used 106624K [0x0000000080000000, 0x00000000a8000000, 0x00000000d5580000)
  object space 655360K, 16% used [0x0000000080000000,0x00000000868203c8,0x00000000a8000000)
 Metaspace       used 79400K, committed 81472K, reserved 1179648K
  class space    used 8269K, committed 9088K, reserved 1048576K
}
Event: 14634.697 GC heap after
{Heap after GC invocations=879 (full 4):
 PSYoungGen      total 2560K, used 486K [0x00000000d5580000, 0x00000000d5b80000, 0x0000000100000000)
  eden space 2048K, 0% used [0x00000000d5580000,0x00000000d5580000,0x00000000d5780000)
  from space 512K, 95% used [0x00000000d5780000,0x00000000d57f9bf8,0x00000000d5800000)
  to   space 1024K, 0% used [0x00000000d5a80000,0x00000000d5a80000,0x00000000d5b80000)
 ParOldGen       total 655360K, used 106823K [0x0000000080000000, 0x00000000a8000000, 0x00000000d5580000)
  object space 655360K, 16% used [0x0000000080000000,0x0000000086851fc0,0x00000000a8000000)
 Metaspace       used 79400K, committed 81472K, reserved 1179648K
  class space    used 8269K, committed 9088K, reserved 1048576K
}
Event: 14634.814 GC heap before
{Heap before GC invocations=880 (full 4):
 PSYoungGen      total 2560K, used 2534K [0x00000000d5580000, 0x00000000d5b80000, 0x0000000100000000)
  eden space 2048K, 100% used [0x00000000d5580000,0x00000000d5780000,0x00000000d5780000)
  from space 512K, 95% used [0x00000000d5780000,0x00000000d57f9bf8,0x00000000d5800000)
  to   space 1024K, 0% used [0x00000000d5a80000,0x00000000d5a80000,0x00000000d5b80000)
 ParOldGen       total 655360K, used 106823K [0x0000000080000000, 0x00000000a8000000, 0x00000000d5580000)
  object space 655360K, 16% used [0x0000000080000000,0x0000000086851fc0,0x00000000a8000000)
 Metaspace       used 79401K, committed 81472K, reserved 1179648K
  class space    used 8269K, committed 9088K, reserved 1048576K
}
Event: 14634.969 GC heap after
{Heap after GC invocations=880 (full 4):
 PSYoungGen      total 3072K, used 1024K [0x00000000d5580000, 0x00000000d5b80000, 0x0000000100000000)
  eden space 2048K, 0% used [0x00000000d5580000,0x00000000d5580000,0x00000000d5780000)
  from space 1024K, 100% used [0x00000000d5a80000,0x00000000d5b80000,0x00000000d5b80000)
  to   space 512K, 0% used [0x00000000d5780000,0x00000000d5780000,0x00000000d5800000)
 ParOldGen       total 655360K, used 107917K [0x0000000080000000, 0x00000000a8000000, 0x00000000d5580000)
  object space 655360K, 16% used [0x0000000080000000,0x0000000086963738,0x00000000a8000000)
 Metaspace       used 79401K, committed 81472K, reserved 1179648K
  class space    used 8269K, committed 9088K, reserved 1048576K
}
Event: 14635.139 GC heap before
{Heap before GC invocations=881 (full 4):
 PSYoungGen      total 3072K, used 3072K [0x00000000d5580000, 0x00000000d5b80000, 0x0000000100000000)
  eden space 2048K, 100% used [0x00000000d5580000,0x00000000d5780000,0x00000000d5780000)
  from space 1024K, 100% used [0x00000000d5a80000,0x00000000d5b80000,0x00000000d5b80000)
  to   space 512K, 0% used [0x00000000d5780000,0x00000000d5780000,0x00000000d5800000)
 ParOldGen       total 655360K, used 107917K [0x0000000080000000, 0x00000000a8000000, 0x00000000d5580000)
  object space 655360K, 16% used [0x0000000080000000,0x0000000086963738,0x00000000a8000000)
 Metaspace       used 79401K, committed 81472K, reserved 1179648K
  class space    used 8269K, committed 9088K, reserved 1048576K
}
Event: 14635.327 GC heap after
{Heap after GC invocations=881 (full 4):
 PSYoungGen      total 2560K, used 512K [0x00000000d5580000, 0x00000000d5b80000, 0x0000000100000000)
  eden space 2048K, 0% used [0x00000000d5580000,0x00000000d5580000,0x00000000d5780000)
  from space 512K, 100% used [0x00000000d5780000,0x00000000d5800000,0x00000000d5800000)
  to   space 1024K, 0% used [0x00000000d5a80000,0x00000000d5a80000,0x00000000d5b80000)
 ParOldGen       total 655360K, used 109765K [0x0000000080000000, 0x00000000a8000000, 0x00000000d5580000)
  object space 655360K, 16% used [0x0000000080000000,0x0000000086b31718,0x00000000a8000000)
 Metaspace       used 79401K, committed 81472K, reserved 1179648K
  class space    used 8269K, committed 9088K, reserved 1048576K
}
Event: 14635.671 GC heap before
{Heap before GC invocations=882 (full 4):
 PSYoungGen      total 2560K, used 2559K [0x00000000d5580000, 0x00000000d5b80000, 0x0000000100000000)
  eden space 2048K, 99% used [0x00000000d5580000,0x00000000d577ffe8,0x00000000d5780000)
  from space 512K, 100% used [0x00000000d5780000,0x00000000d5800000,0x00000000d5800000)
  to   space 1024K, 0% used [0x00000000d5a80000,0x00000000d5a80000,0x00000000d5b80000)
 ParOldGen       total 655360K, used 109765K [0x0000000080000000, 0x00000000a8000000, 0x00000000d5580000)
  object space 655360K, 16% used [0x0000000080000000,0x0000000086b31718,0x00000000a8000000)
 Metaspace       used 79417K, committed 81472K, reserved 1179648K
  class space    used 8269K, committed 9088K, reserved 1048576K
}
Event: 14635.756 GC heap after
{Heap after GC invocations=882 (full 4):
 PSYoungGen      total 3584K, used 928K [0x00000000d5580000, 0x00000000d5b80000, 0x0000000100000000)
  eden space 2560K, 0% used [0x00000000d5580000,0x00000000d5580000,0x00000000d5800000)
  from space 1024K, 90% used [0x00000000d5a80000,0x00000000d5b68000,0x00000000d5b80000)
  to   space 1536K, 0% used [0x00000000d5880000,0x00000000d5880000,0x00000000d5a00000)
 ParOldGen       total 655360K, used 110293K [0x0000000080000000, 0x00000000a8000000, 0x00000000d5580000)
  object space 655360K, 16% used [0x0000000080000000,0x0000000086bb5728,0x00000000a8000000)
 Metaspace       used 79417K, committed 81472K, reserved 1179648K
  class space    used 8269K, committed 9088K, reserved 1048576K
}
Event: 14636.558 GC heap before
{Heap before GC invocations=883 (full 4):
 PSYoungGen      total 3584K, used 3482K [0x00000000d5580000, 0x00000000d5b80000, 0x0000000100000000)
  eden space 2560K, 99% used [0x00000000d5580000,0x00000000d57fe988,0x00000000d5800000)
  from space 1024K, 90% used [0x00000000d5a80000,0x00000000d5b68000,0x00000000d5b80000)
  to   space 1536K, 0% used [0x00000000d5880000,0x00000000d5880000,0x00000000d5a00000)
 ParOldGen       total 655360K, used 110293K [0x0000000080000000, 0x00000000a8000000, 0x00000000d5580000)
  object space 655360K, 16% used [0x0000000080000000,0x0000000086bb5728,0x00000000a8000000)
 Metaspace       used 79442K, committed 81472K, reserved 1179648K
  class space    used 8271K, committed 9088K, reserved 1048576K
}
Event: 14636.659 GC heap after
{Heap after GC invocations=883 (full 4):
 PSYoungGen      total 4608K, used 384K [0x00000000d5580000, 0x00000000d5b00000, 0x0000000100000000)
  eden space 3072K, 0% used [0x00000000d5580000,0x00000000d5580000,0x00000000d5880000)
  from space 1536K, 25% used [0x00000000d5880000,0x00000000d58e0040,0x00000000d5a00000)
  to   space 1024K, 0% used [0x00000000d5a00000,0x00000000d5a00000,0x00000000d5b00000)
 ParOldGen       total 655360K, used 111173K [0x0000000080000000, 0x00000000a8000000, 0x00000000d5580000)
  object space 655360K, 16% used [0x0000000080000000,0x0000000086c916c8,0x00000000a8000000)
 Metaspace       used 79442K, committed 81472K, reserved 1179648K
  class space    used 8271K, committed 9088K, reserved 1048576K
}
Event: 14636.933 GC heap before
{Heap before GC invocations=884 (full 4):
 PSYoungGen      total 4608K, used 3456K [0x00000000d5580000, 0x00000000d5b00000, 0x0000000100000000)
  eden space 3072K, 99% used [0x00000000d5580000,0x00000000d587fff0,0x00000000d5880000)
  from space 1536K, 25% used [0x00000000d5880000,0x00000000d58e0040,0x00000000d5a00000)
  to   space 1024K, 0% used [0x00000000d5a00000,0x00000000d5a00000,0x00000000d5b00000)
 ParOldGen       total 655360K, used 111173K [0x0000000080000000, 0x00000000a8000000, 0x00000000d5580000)
  object space 655360K, 16% used [0x0000000080000000,0x0000000086c916c8,0x00000000a8000000)
 Metaspace       used 79445K, committed 81472K, reserved 1179648K
  class space    used 8272K, committed 9088K, reserved 1048576K
}
Event: 14636.965 GC heap after
{Heap after GC invocations=884 (full 4):
 PSYoungGen      total 4096K, used 688K [0x00000000d5580000, 0x00000000d5b00000, 0x0000000100000000)
  eden space 3072K, 0% used [0x00000000d5580000,0x00000000d5580000,0x00000000d5880000)
  from space 1024K, 67% used [0x00000000d5a00000,0x00000000d5aac010,0x00000000d5b00000)
  to   space 1024K, 0% used [0x00000000d5900000,0x00000000d5900000,0x00000000d5a00000)
 ParOldGen       total 655360K, used 111445K [0x0000000080000000, 0x00000000a8000000, 0x00000000d5580000)
  object space 655360K, 17% used [0x0000000080000000,0x0000000086cd5718,0x00000000a8000000)
 Metaspace       used 79445K, committed 81472K, reserved 1179648K
  class space    used 8272K, committed 9088K, reserved 1048576K
}
Event: 14637.354 GC heap before
{Heap before GC invocations=885 (full 4):
 PSYoungGen      total 4096K, used 3760K [0x00000000d5580000, 0x00000000d5b00000, 0x0000000100000000)
  eden space 3072K, 100% used [0x00000000d5580000,0x00000000d5880000,0x00000000d5880000)
  from space 1024K, 67% used [0x00000000d5a00000,0x00000000d5aac010,0x00000000d5b00000)
  to   space 1024K, 0% used [0x00000000d5900000,0x00000000d5900000,0x00000000d5a00000)
 ParOldGen       total 655360K, used 111448K [0x0000000080000000, 0x00000000a8000000, 0x00000000d5580000)
  object space 655360K, 17% used [0x0000000080000000,0x0000000086cd6090,0x00000000a8000000)
 Metaspace       used 79456K, committed 81472K, reserved 1179648K
  class space    used 8272K, committed 9088K, reserved 1048576K
}
Event: 14637.409 GC heap after
{Heap after GC invocations=885 (full 4):
 PSYoungGen      total 4096K, used 608K [0x00000000d5580000, 0x00000000d5a80000, 0x0000000100000000)
  eden space 3072K, 0% used [0x00000000d5580000,0x00000000d5580000,0x00000000d5880000)
  from space 1024K, 59% used [0x00000000d5900000,0x00000000d5998000,0x00000000d5a00000)
  to   space 512K, 0% used [0x00000000d5a00000,0x00000000d5a00000,0x00000000d5a80000)
 ParOldGen       total 655360K, used 112034K [0x0000000080000000, 0x00000000a8000000, 0x00000000d5580000)
  object space 655360K, 17% used [0x0000000080000000,0x0000000086d68990,0x00000000a8000000)
 Metaspace       used 79456K, committed 81472K, reserved 1179648K
  class space    used 8272K, committed 9088K, reserved 1048576K
}
Event: 14638.891 GC heap before
{Heap before GC invocations=886 (full 4):
 PSYoungGen      total 4096K, used 3679K [0x00000000d5580000, 0x00000000d5a80000, 0x0000000100000000)
  eden space 3072K, 99% used [0x00000000d5580000,0x00000000d587fff0,0x00000000d5880000)
  from space 1024K, 59% used [0x00000000d5900000,0x00000000d5998000,0x00000000d5a00000)
  to   space 512K, 0% used [0x00000000d5a00000,0x00000000d5a00000,0x00000000d5a80000)
 ParOldGen       total 655360K, used 112034K [0x0000000080000000, 0x00000000a8000000, 0x00000000d5580000)
  object space 655360K, 17% used [0x0000000080000000,0x0000000086d68990,0x00000000a8000000)
 Metaspace       used 79488K, committed 81472K, reserved 1179648K
  class space    used 8275K, committed 9088K, reserved 1048576K
}
Event: 14638.942 GC heap after
{Heap after GC invocations=886 (full 4):
 PSYoungGen      total 3584K, used 448K [0x00000000d5580000, 0x00000000d5a80000, 0x0000000100000000)
  eden space 3072K, 0% used [0x00000000d5580000,0x00000000d5580000,0x00000000d5880000)
  from space 512K, 87% used [0x00000000d5a00000,0x00000000d5a70000,0x00000000d5a80000)
  to   space 512K, 0% used [0x00000000d5980000,0x00000000d5980000,0x00000000d5a00000)
 ParOldGen       total 655360K, used 112566K [0x0000000080000000, 0x00000000a8000000, 0x00000000d5580000)
  object space 655360K, 17% used [0x0000000080000000,0x0000000086ded9b0,0x00000000a8000000)
 Metaspace       used 79488K, committed 81472K, reserved 1179648K
  class space    used 8275K, committed 9088K, reserved 1048576K
}
Event: 14639.062 GC heap before
{Heap before GC invocations=887 (full 4):
 PSYoungGen      total 3584K, used 3520K [0x00000000d5580000, 0x00000000d5a80000, 0x0000000100000000)
  eden space 3072K, 100% used [0x00000000d5580000,0x00000000d5880000,0x00000000d5880000)
  from space 512K, 87% used [0x00000000d5a00000,0x00000000d5a70000,0x00000000d5a80000)
  to   space 512K, 0% used [0x00000000d5980000,0x00000000d5980000,0x00000000d5a00000)
 ParOldGen       total 655360K, used 112566K [0x0000000080000000, 0x00000000a8000000, 0x00000000d5580000)
  object space 655360K, 17% used [0x0000000080000000,0x0000000086ded9b0,0x00000000a8000000)
 Metaspace       used 79506K, committed 81472K, reserved 1179648K
  class space    used 8275K, committed 9088K, reserved 1048576K
}
Event: 14639.081 GC heap after
{Heap after GC invocations=887 (full 4):
 PSYoungGen      total 3584K, used 432K [0x00000000d5580000, 0x00000000d5a80000, 0x0000000100000000)
  eden space 3072K, 0% used [0x00000000d5580000,0x00000000d5580000,0x00000000d5880000)
  from space 512K, 84% used [0x00000000d5980000,0x00000000d59ec010,0x00000000d5a00000)
  to   space 512K, 0% used [0x00000000d5a00000,0x00000000d5a00000,0x00000000d5a80000)
 ParOldGen       total 655360K, used 112606K [0x0000000080000000, 0x00000000a8000000, 0x00000000d5580000)
  object space 655360K, 17% used [0x0000000080000000,0x0000000086df79b0,0x00000000a8000000)
 Metaspace       used 79506K, committed 81472K, reserved 1179648K
  class space    used 8275K, committed 9088K, reserved 1048576K
}

