# JRE version: OpenJDK Runtime Environment Temurin-21.0.8+9 (21.0.8+9) (build 21.0.8+9-LTS)
# Java VM: OpenJDK 64-Bit Server VM Temurin-21.0.8+9 (21.0.8+9-LTS, mixed mode, sharing, tiered, compressed oops, compressed class ptrs, parallel gc, windows-amd64)
GC Precious Log:
 CardTable entry size: 512
 CPUs: 4 total, 4 available
 Memory: 3917M
 Large Page Support: Disabled
 NUMA Support: Disabled
 Compressed Oops: Enabled (32-bit)
 Alignments: Space 512K, Generation 512K, Heap 2M
 Heap Min Capacity: 100M
 Heap Initial Capacity: 100M
 Heap Max Capacity: 2G
 Pre-touch: Disabled
 Parallel Workers: 4
Heap:
 PSYoungGen      total 3072K, used 1213K [0x00000000d5580000, 0x00000000d5980000, 0x0000000100000000)
  eden space 2048K, 34% used [0x00000000d5580000,0x00000000d562f7f0,0x00000000d5780000)
  from space 1024K, 50% used [0x00000000d5780000,0x00000000d5800000,0x00000000d5880000)
  to   space 1024K, 0% used [0x00000000d5880000,0x00000000d5880000,0x00000000d5980000)
 ParOldGen       total 643584K, used 643075K [0x0000000080000000, 0x00000000a7480000, 0x00000000d5580000)
  object space 643584K, 99% used [0x0000000080000000,0x00000000a7400d70,0x00000000a7480000)
 Metaspace       used 79318K, committed 80960K, reserved 1179648K
  class space    used 8231K, committed 8960K, reserved 1048576K
GC Heap History (20 events):
Event: 1451.997 GC heap before
{Heap before GC invocations=861 (full 3):
 PSYoungGen      total 3584K, used 2656K [0x00000000d5580000, 0x00000000d5a00000, 0x0000000100000000)
  eden space 2560K, 100% used [0x00000000d5580000,0x00000000d5800000,0x00000000d5800000)
  from space 1024K, 9% used [0x00000000d5800000,0x00000000d5818000,0x00000000d5900000)
  to   space 512K, 0% used [0x00000000d5980000,0x00000000d5980000,0x00000000d5a00000)
 ParOldGen       total 634368K, used 633992K [0x0000000080000000, 0x00000000a6b80000, 0x00000000d5580000)
  object space 634368K, 99% used [0x0000000080000000,0x00000000a6b22128,0x00000000a6b80000)
 Metaspace       used 78958K, committed 80640K, reserved 1179648K
  class space    used 8201K, committed 8960K, reserved 1048576K
}
Event: 1452.001 GC heap after
{Heap after GC invocations=861 (full 3):
 PSYoungGen      total 3072K, used 96K [0x00000000d5580000, 0x00000000d5a00000, 0x0000000100000000)
  eden space 2560K, 0% used [0x00000000d5580000,0x00000000d5580000,0x00000000d5800000)
  from space 512K, 18% used [0x00000000d5980000,0x00000000d5998000,0x00000000d5a00000)
  to   space 512K, 0% used [0x00000000d5900000,0x00000000d5900000,0x00000000d5980000)
 ParOldGen       total 634368K, used 634016K [0x0000000080000000, 0x00000000a6b80000, 0x00000000d5580000)
  object space 634368K, 99% used [0x0000000080000000,0x00000000a6b28128,0x00000000a6b80000)
 Metaspace       used 78958K, committed 80640K, reserved 1179648K
  class space    used 8201K, committed 8960K, reserved 1048576K
}
Event: 1453.620 GC heap before
{Heap before GC invocations=862 (full 3):
 PSYoungGen      total 3072K, used 2656K [0x00000000d5580000, 0x00000000d5a00000, 0x0000000100000000)
  eden space 2560K, 100% used [0x00000000d5580000,0x00000000d5800000,0x00000000d5800000)
  from space 512K, 18% used [0x00000000d5980000,0x00000000d5998000,0x00000000d5a00000)
  to   space 512K, 0% used [0x00000000d5900000,0x00000000d5900000,0x00000000d5980000)
 ParOldGen       total 636416K, used 636052K [0x0000000080000000, 0x00000000a6d80000, 0x00000000d5580000)
  object space 636416K, 99% used [0x0000000080000000,0x00000000a6d251c8,0x00000000a6d80000)
 Metaspace       used 79089K, committed 80768K, reserved 1179648K
  class space    used 8215K, committed 8960K, reserved 1048576K
}
Event: 1453.646 GC heap after
{Heap after GC invocations=862 (full 3):
 PSYoungGen      total 3072K, used 480K [0x00000000d5580000, 0x00000000d5c00000, 0x0000000100000000)
  eden space 2560K, 0% used [0x00000000d5580000,0x00000000d5580000,0x00000000d5800000)
  from space 512K, 93% used [0x00000000d5900000,0x00000000d5978010,0x00000000d5980000)
  to   space 2048K, 0% used [0x00000000d5a00000,0x00000000d5a00000,0x00000000d5c00000)
 ParOldGen       total 637440K, used 637076K [0x0000000080000000, 0x00000000a6e80000, 0x00000000d5580000)
  object space 637440K, 99% used [0x0000000080000000,0x00000000a6e251c8,0x00000000a6e80000)
 Metaspace       used 79089K, committed 80768K, reserved 1179648K
  class space    used 8215K, committed 8960K, reserved 1048576K
}
Event: 1453.682 GC heap before
{Heap before GC invocations=863 (full 3):
 PSYoungGen      total 3072K, used 3040K [0x00000000d5580000, 0x00000000d5c00000, 0x0000000100000000)
  eden space 2560K, 100% used [0x00000000d5580000,0x00000000d5800000,0x00000000d5800000)
  from space 512K, 93% used [0x00000000d5900000,0x00000000d5978010,0x00000000d5980000)
  to   space 2048K, 0% used [0x00000000d5a00000,0x00000000d5a00000,0x00000000d5c00000)
 ParOldGen       total 637440K, used 637076K [0x0000000080000000, 0x00000000a6e80000, 0x00000000d5580000)
  object space 637440K, 99% used [0x0000000080000000,0x00000000a6e251c8,0x00000000a6e80000)
 Metaspace       used 79097K, committed 80768K, reserved 1179648K
  class space    used 8216K, committed 8960K, reserved 1048576K
}
Event: 1453.709 GC heap after
{Heap after GC invocations=863 (full 3):
 PSYoungGen      total 4096K, used 2048K [0x00000000d5580000, 0x00000000d5d00000, 0x0000000100000000)
  eden space 2048K, 0% used [0x00000000d5580000,0x00000000d5580000,0x00000000d5780000)
  from space 2048K, 100% used [0x00000000d5a00000,0x00000000d5c00000,0x00000000d5c00000)
  to   space 2560K, 0% used [0x00000000d5780000,0x00000000d5780000,0x00000000d5a00000)
 ParOldGen       total 637952K, used 637655K [0x0000000080000000, 0x00000000a6f00000, 0x00000000d5580000)
  object space 637952K, 99% used [0x0000000080000000,0x00000000a6eb5dd8,0x00000000a6f00000)
 Metaspace       used 79097K, committed 80768K, reserved 1179648K
  class space    used 8216K, committed 8960K, reserved 1048576K
}
Event: 1454.312 GC heap before
{Heap before GC invocations=864 (full 3):
 PSYoungGen      total 4096K, used 4096K [0x00000000d5580000, 0x00000000d5d00000, 0x0000000100000000)
  eden space 2048K, 100% used [0x00000000d5580000,0x00000000d5780000,0x00000000d5780000)
  from space 2048K, 100% used [0x00000000d5a00000,0x00000000d5c00000,0x00000000d5c00000)
  to   space 2560K, 0% used [0x00000000d5780000,0x00000000d5780000,0x00000000d5a00000)
 ParOldGen       total 637952K, used 637655K [0x0000000080000000, 0x00000000a6f00000, 0x00000000d5580000)
  object space 637952K, 99% used [0x0000000080000000,0x00000000a6eb5dd8,0x00000000a6f00000)
 Metaspace       used 79164K, committed 80832K, reserved 1179648K
  class space    used 8222K, committed 8960K, reserved 1048576K
}
Event: 1454.351 GC heap after
{Heap after GC invocations=864 (full 3):
 PSYoungGen      total 2560K, used 448K [0x00000000d5580000, 0x00000000d5a80000, 0x0000000100000000)
  eden space 2048K, 0% used [0x00000000d5580000,0x00000000d5580000,0x00000000d5780000)
  from space 512K, 87% used [0x00000000d5780000,0x00000000d57f0010,0x00000000d5800000)
  to   space 1536K, 0% used [0x00000000d5900000,0x00000000d5900000,0x00000000d5a80000)
 ParOldGen       total 640000K, used 639647K [0x0000000080000000, 0x00000000a7100000, 0x00000000d5580000)
  object space 640000K, 99% used [0x0000000080000000,0x00000000a70a7dd8,0x00000000a7100000)
 Metaspace       used 79164K, committed 80832K, reserved 1179648K
  class space    used 8222K, committed 8960K, reserved 1048576K
}
Event: 1454.648 GC heap before
{Heap before GC invocations=865 (full 3):
 PSYoungGen      total 2560K, used 2494K [0x00000000d5580000, 0x00000000d5a80000, 0x0000000100000000)
  eden space 2048K, 99% used [0x00000000d5580000,0x00000000d577f850,0x00000000d5780000)
  from space 512K, 87% used [0x00000000d5780000,0x00000000d57f0010,0x00000000d5800000)
  to   space 1536K, 0% used [0x00000000d5900000,0x00000000d5900000,0x00000000d5a80000)
 ParOldGen       total 640000K, used 639647K [0x0000000080000000, 0x00000000a7100000, 0x00000000d5580000)
  object space 640000K, 99% used [0x0000000080000000,0x00000000a70a7dd8,0x00000000a7100000)
 Metaspace       used 79194K, committed 80832K, reserved 1179648K
  class space    used 8224K, committed 8960K, reserved 1048576K
}
Event: 1454.676 GC heap after
{Heap after GC invocations=865 (full 3):
 PSYoungGen      total 3072K, used 833K [0x00000000d5580000, 0x00000000d5a00000, 0x0000000100000000)
  eden space 2048K, 0% used [0x00000000d5580000,0x00000000d5580000,0x00000000d5780000)
  from space 1024K, 81% used [0x00000000d5900000,0x00000000d59d04e8,0x00000000d5a00000)
  to   space 1024K, 0% used [0x00000000d5800000,0x00000000d5800000,0x00000000d5900000)
 ParOldGen       total 640512K, used 640039K [0x0000000080000000, 0x00000000a7180000, 0x00000000d5580000)
  object space 640512K, 99% used [0x0000000080000000,0x00000000a7109de8,0x00000000a7180000)
 Metaspace       used 79194K, committed 80832K, reserved 1179648K
  class space    used 8224K, committed 8960K, reserved 1048576K
}
Event: 1454.789 GC heap before
{Heap before GC invocations=866 (full 3):
 PSYoungGen      total 3072K, used 2881K [0x00000000d5580000, 0x00000000d5a00000, 0x0000000100000000)
  eden space 2048K, 100% used [0x00000000d5580000,0x00000000d5780000,0x00000000d5780000)
  from space 1024K, 81% used [0x00000000d5900000,0x00000000d59d04e8,0x00000000d5a00000)
  to   space 1024K, 0% used [0x00000000d5800000,0x00000000d5800000,0x00000000d5900000)
 ParOldGen       total 640512K, used 640039K [0x0000000080000000, 0x00000000a7180000, 0x00000000d5580000)
  object space 640512K, 99% used [0x0000000080000000,0x00000000a7109de8,0x00000000a7180000)
 Metaspace       used 79245K, committed 80896K, reserved 1179648K
  class space    used 8230K, committed 8960K, reserved 1048576K
}
Event: 1454.818 GC heap after
{Heap after GC invocations=866 (full 3):
 PSYoungGen      total 3072K, used 736K [0x00000000d5580000, 0x00000000d5980000, 0x0000000100000000)
  eden space 2048K, 0% used [0x00000000d5580000,0x00000000d5580000,0x00000000d5780000)
  from space 1024K, 71% used [0x00000000d5800000,0x00000000d58b8010,0x00000000d5900000)
  to   space 512K, 0% used [0x00000000d5900000,0x00000000d5900000,0x00000000d5980000)
 ParOldGen       total 641024K, used 640811K [0x0000000080000000, 0x00000000a7200000, 0x00000000d5580000)
  object space 641024K, 99% used [0x0000000080000000,0x00000000a71cad50,0x00000000a7200000)
 Metaspace       used 79245K, committed 80896K, reserved 1179648K
  class space    used 8230K, committed 8960K, reserved 1048576K
}
Event: 1454.847 GC heap before
{Heap before GC invocations=867 (full 3):
 PSYoungGen      total 3072K, used 2784K [0x00000000d5580000, 0x00000000d5980000, 0x0000000100000000)
  eden space 2048K, 100% used [0x00000000d5580000,0x00000000d5780000,0x00000000d5780000)
  from space 1024K, 71% used [0x00000000d5800000,0x00000000d58b8010,0x00000000d5900000)
  to   space 512K, 0% used [0x00000000d5900000,0x00000000d5900000,0x00000000d5980000)
 ParOldGen       total 641024K, used 640811K [0x0000000080000000, 0x00000000a7200000, 0x00000000d5580000)
  object space 641024K, 99% used [0x0000000080000000,0x00000000a71cad50,0x00000000a7200000)
 Metaspace       used 79245K, committed 80896K, reserved 1179648K
  class space    used 8230K, committed 8960K, reserved 1048576K
}
Event: 1454.852 GC heap after
{Heap after GC invocations=867 (full 3):
 PSYoungGen      total 2560K, used 512K [0x00000000d5580000, 0x00000000d5980000, 0x0000000100000000)
  eden space 2048K, 0% used [0x00000000d5580000,0x00000000d5580000,0x00000000d5780000)
  from space 512K, 100% used [0x00000000d5900000,0x00000000d5980000,0x00000000d5980000)
  to   space 1024K, 0% used [0x00000000d5780000,0x00000000d5780000,0x00000000d5880000)
 ParOldGen       total 641536K, used 641451K [0x0000000080000000, 0x00000000a7280000, 0x00000000d5580000)
  object space 641536K, 99% used [0x0000000080000000,0x00000000a726ad60,0x00000000a7280000)
 Metaspace       used 79245K, committed 80896K, reserved 1179648K
  class space    used 8230K, committed 8960K, reserved 1048576K
}
Event: 1454.889 GC heap before
{Heap before GC invocations=868 (full 3):
 PSYoungGen      total 2560K, used 2560K [0x00000000d5580000, 0x00000000d5980000, 0x0000000100000000)
  eden space 2048K, 100% used [0x00000000d5580000,0x00000000d5780000,0x00000000d5780000)
  from space 512K, 100% used [0x00000000d5900000,0x00000000d5980000,0x00000000d5980000)
  to   space 1024K, 0% used [0x00000000d5780000,0x00000000d5780000,0x00000000d5880000)
 ParOldGen       total 641536K, used 641451K [0x0000000080000000, 0x00000000a7280000, 0x00000000d5580000)
  object space 641536K, 99% used [0x0000000080000000,0x00000000a726ad60,0x00000000a7280000)
 Metaspace       used 79245K, committed 80896K, reserved 1179648K
  class space    used 8230K, committed 8960K, reserved 1048576K
}
Event: 1454.913 GC heap after
{Heap after GC invocations=868 (full 3):
 PSYoungGen      total 3072K, used 704K [0x00000000d5580000, 0x00000000d5980000, 0x0000000100000000)
  eden space 2048K, 0% used [0x00000000d5580000,0x00000000d5580000,0x00000000d5780000)
  from space 1024K, 68% used [0x00000000d5780000,0x00000000d5830010,0x00000000d5880000)
  to   space 1024K, 0% used [0x00000000d5880000,0x00000000d5880000,0x00000000d5980000)
 ParOldGen       total 642048K, used 641907K [0x0000000080000000, 0x00000000a7300000, 0x00000000d5580000)
  object space 642048K, 99% used [0x0000000080000000,0x00000000a72dcd60,0x00000000a7300000)
 Metaspace       used 79245K, committed 80896K, reserved 1179648K
  class space    used 8230K, committed 8960K, reserved 1048576K
}
Event: 1454.993 GC heap before
{Heap before GC invocations=869 (full 3):
 PSYoungGen      total 3072K, used 2752K [0x00000000d5580000, 0x00000000d5980000, 0x0000000100000000)
  eden space 2048K, 100% used [0x00000000d5580000,0x00000000d5780000,0x00000000d5780000)
  from space 1024K, 68% used [0x00000000d5780000,0x00000000d5830010,0x00000000d5880000)
  to   space 1024K, 0% used [0x00000000d5880000,0x00000000d5880000,0x00000000d5980000)
 ParOldGen       total 642048K, used 641907K [0x0000000080000000, 0x00000000a7300000, 0x00000000d5580000)
  object space 642048K, 99% used [0x0000000080000000,0x00000000a72dcd60,0x00000000a7300000)
 Metaspace       used 79248K, committed 80896K, reserved 1179648K
  class space    used 8230K, committed 8960K, reserved 1048576K
}
Event: 1455.010 GC heap after
{Heap after GC invocations=869 (full 3):
 PSYoungGen      total 3072K, used 544K [0x00000000d5580000, 0x00000000d5980000, 0x0000000100000000)
  eden space 2048K, 0% used [0x00000000d5580000,0x00000000d5580000,0x00000000d5780000)
  from space 1024K, 53% used [0x00000000d5880000,0x00000000d5908000,0x00000000d5980000)
  to   space 1024K, 0% used [0x00000000d5780000,0x00000000d5780000,0x00000000d5880000)
 ParOldGen       total 643072K, used 642579K [0x0000000080000000, 0x00000000a7400000, 0x00000000d5580000)
  object space 643072K, 99% used [0x0000000080000000,0x00000000a7384d70,0x00000000a7400000)
 Metaspace       used 79248K, committed 80896K, reserved 1179648K
  class space    used 8230K, committed 8960K, reserved 1048576K
}
Event: 1455.452 GC heap before
{Heap before GC invocations=870 (full 3):
 PSYoungGen      total 3072K, used 2584K [0x00000000d5580000, 0x00000000d5980000, 0x0000000100000000)
  eden space 2048K, 99% used [0x00000000d5580000,0x00000000d577e110,0x00000000d5780000)
  from space 1024K, 53% used [0x00000000d5880000,0x00000000d5908000,0x00000000d5980000)
  to   space 1024K, 0% used [0x00000000d5780000,0x00000000d5780000,0x00000000d5880000)
 ParOldGen       total 643072K, used 642579K [0x0000000080000000, 0x00000000a7400000, 0x00000000d5580000)
  object space 643072K, 99% used [0x0000000080000000,0x00000000a7384d70,0x00000000a7400000)
 Metaspace       used 79301K, committed 80960K, reserved 1179648K
  class space    used 8231K, committed 8960K, reserved 1048576K
}
Event: 1455.458 GC heap after
{Heap after GC invocations=870 (full 3):
 PSYoungGen      total 3072K, used 512K [0x00000000d5580000, 0x00000000d5980000, 0x0000000100000000)
  eden space 2048K, 0% used [0x00000000d5580000,0x00000000d5580000,0x00000000d5780000)
  from space 1024K, 50% used [0x00000000d5780000,0x00000000d5800000,0x00000000d5880000)
  to   space 1024K, 0% used [0x00000000d5880000,0x00000000d5880000,0x00000000d5980000)
 ParOldGen       total 643584K, used 643075K [0x0000000080000000, 0x00000000a7480000, 0x00000000d5580000)
  object space 643584K, 99% used [0x0000000080000000,0x00000000a7400d70,0x00000000a7480000)
 Metaspace       used 79301K, committed 80960K, reserved 1179648K
  class space    used 8231K, committed 8960K, reserved 1048576K
}

